{"/c/Users/Kabir/Projects/ecommerce-react-typescript/client/src/index.tsx": {"path":"/c/Users/Kabir/Projects/ecommerce-react-typescript/client/src/index.tsx","statementMap":{"0":{"start":{"line":10,"column":0},"end":{"line":17,"column":2}},"1":{"start":{"line":22,"column":0},"end":{"line":22,"column":27}}},"fnMap":{},"branchMap":{},"s":{"0":0,"1":0},"f":{},"b":{},"hash":"ddb701ec5916e59e99b630749e1470ec581650f9"}
,"/c/Users/Kabir/Projects/ecommerce-react-typescript/client/src/app/App.tsx": {"path":"/c/Users/Kabir/Projects/ecommerce-react-typescript/client/src/app/App.tsx","statementMap":{"0":{"start":{"line":18,"column":17},"end":{"line":18,"column":56}},"1":{"start":{"line":18,"column":28},"end":{"line":18,"column":55}},"2":{"start":{"line":19,"column":17},"end":{"line":19,"column":56}},"3":{"start":{"line":19,"column":28},"end":{"line":19,"column":55}},"4":{"start":{"line":20,"column":18},"end":{"line":20,"column":58}},"5":{"start":{"line":20,"column":29},"end":{"line":20,"column":57}},"6":{"start":{"line":21,"column":21},"end":{"line":21,"column":64}},"7":{"start":{"line":21,"column":32},"end":{"line":21,"column":63}},"8":{"start":{"line":30,"column":32},"end":{"line":56,"column":1}},"9":{"start":{"line":31,"column":2},"end":{"line":33,"column":25}},"10":{"start":{"line":32,"column":4},"end":{"line":32,"column":23}},"11":{"start":{"line":35,"column":2},"end":{"line":55,"column":4}},"12":{"start":{"line":48,"column":16},"end":{"line":48,"column":74}},"13":{"start":{"line":58,"column":24},"end":{"line":60,"column":2}},"14":{"start":{"line":62,"column":27},"end":{"line":64,"column":2}},"15":{"start":{"line":62,"column":52},"end":{"line":64,"column":1}},"16":{"start":{"line":63,"column":26},"end":{"line":63,"column":54}}},"fnMap":{"0":{"name":"(anonymous_0)","decl":{"start":{"line":18,"column":22},"end":{"line":18,"column":23}},"loc":{"start":{"line":18,"column":28},"end":{"line":18,"column":55}},"line":18},"1":{"name":"(anonymous_1)","decl":{"start":{"line":19,"column":22},"end":{"line":19,"column":23}},"loc":{"start":{"line":19,"column":28},"end":{"line":19,"column":55}},"line":19},"2":{"name":"(anonymous_2)","decl":{"start":{"line":20,"column":23},"end":{"line":20,"column":24}},"loc":{"start":{"line":20,"column":29},"end":{"line":20,"column":57}},"line":20},"3":{"name":"(anonymous_3)","decl":{"start":{"line":21,"column":26},"end":{"line":21,"column":27}},"loc":{"start":{"line":21,"column":32},"end":{"line":21,"column":63}},"line":21},"4":{"name":"(anonymous_4)","decl":{"start":{"line":30,"column":32},"end":{"line":30,"column":33}},"loc":{"start":{"line":30,"column":71},"end":{"line":56,"column":1}},"line":30},"5":{"name":"(anonymous_5)","decl":{"start":{"line":31,"column":12},"end":{"line":31,"column":13}},"loc":{"start":{"line":31,"column":18},"end":{"line":33,"column":3}},"line":31},"6":{"name":"(anonymous_6)","decl":{"start":{"line":47,"column":22},"end":{"line":47,"column":23}},"loc":{"start":{"line":48,"column":16},"end":{"line":48,"column":74}},"line":48},"7":{"name":"(anonymous_7)","decl":{"start":{"line":62,"column":27},"end":{"line":62,"column":28}},"loc":{"start":{"line":62,"column":52},"end":{"line":64,"column":1}},"line":62},"8":{"name":"(anonymous_8)","decl":{"start":{"line":63,"column":20},"end":{"line":63,"column":21}},"loc":{"start":{"line":63,"column":26},"end":{"line":63,"column":54}},"line":63}},"branchMap":{"0":{"loc":{"start":{"line":48,"column":16},"end":{"line":48,"column":74}},"type":"cond-expr","locations":[{"start":{"line":48,"column":30},"end":{"line":48,"column":58}},{"start":{"line":48,"column":61},"end":{"line":48,"column":74}}],"line":48}},"s":{"0":0,"1":0,"2":0,"3":0,"4":0,"5":0,"6":0,"7":0,"8":0,"9":0,"10":0,"11":0,"12":0,"13":0,"14":0,"15":0,"16":0},"f":{"0":0,"1":0,"2":0,"3":0,"4":0,"5":0,"6":0,"7":0,"8":0},"b":{"0":[0,0]},"hash":"7b24add1f6489c4cde9f9b4e8865f630615b6b82"}
,"/c/Users/Kabir/Projects/ecommerce-react-typescript/client/src/components/header/CartIcon/CartIcon.tsx": {"path":"/c/Users/Kabir/Projects/ecommerce-react-typescript/client/src/components/header/CartIcon/CartIcon.tsx","statementMap":{"0":{"start":{"line":9,"column":42},"end":{"line":19,"column":1}},"1":{"start":{"line":13,"column":2},"end":{"line":18,"column":4}}},"fnMap":{"0":{"name":"(anonymous_0)","decl":{"start":{"line":9,"column":42},"end":{"line":9,"column":43}},"loc":{"start":{"line":12,"column":19},"end":{"line":19,"column":1}},"line":12}},"branchMap":{},"s":{"0":1,"1":3},"f":{"0":3},"b":{},"_coverageSchema":"43e27e138ebf9cfc5966b082cf9a028302ed4184","hash":"19e34712a9277513dd8123d2de8082feb57c4eb3"}
,"/c/Users/Kabir/Projects/ecommerce-react-typescript/client/src/components/header/CartIconContainer/CartIconContainer.tsx": {"path":"/c/Users/Kabir/Projects/ecommerce-react-typescript/client/src/components/header/CartIconContainer/CartIconContainer.tsx","statementMap":{"0":{"start":{"line":13,"column":42},"end":{"line":18,"column":1}},"1":{"start":{"line":17,"column":2},"end":{"line":17,"column":80}},"2":{"start":{"line":20,"column":27},"end":{"line":22,"column":2}},"3":{"start":{"line":20,"column":52},"end":{"line":22,"column":1}},"4":{"start":{"line":21,"column":26},"end":{"line":21,"column":54}},"5":{"start":{"line":24,"column":24},"end":{"line":26,"column":2}}},"fnMap":{"0":{"name":"(anonymous_0)","decl":{"start":{"line":13,"column":42},"end":{"line":13,"column":43}},"loc":{"start":{"line":16,"column":19},"end":{"line":18,"column":1}},"line":16},"1":{"name":"(anonymous_1)","decl":{"start":{"line":20,"column":27},"end":{"line":20,"column":28}},"loc":{"start":{"line":20,"column":52},"end":{"line":22,"column":1}},"line":20},"2":{"name":"(anonymous_2)","decl":{"start":{"line":21,"column":20},"end":{"line":21,"column":21}},"loc":{"start":{"line":21,"column":26},"end":{"line":21,"column":54}},"line":21}},"branchMap":{},"s":{"0":2,"1":0,"2":2,"3":0,"4":0,"5":2},"f":{"0":0,"1":0,"2":0},"b":{},"_coverageSchema":"43e27e138ebf9cfc5966b082cf9a028302ed4184","hash":"7e105ce4a6cafc1ed35ba3780abadb39fe0bb11d"}
,"/c/Users/Kabir/Projects/ecommerce-react-typescript/client/src/components/header/CartIconContainer/index.ts": {"path":"/c/Users/Kabir/Projects/ecommerce-react-typescript/client/src/components/header/CartIconContainer/index.ts","statementMap":{},"fnMap":{},"branchMap":{},"s":{},"f":{},"b":{},"_coverageSchema":"43e27e138ebf9cfc5966b082cf9a028302ed4184","hash":"ddc8ffa4bc8a9bc3927a494f039476554cb2640c"}
,"/c/Users/Kabir/Projects/ecommerce-react-typescript/client/src/components/header/CartPreview/CartPreview.stories.tsx": {"path":"/c/Users/Kabir/Projects/ecommerce-react-typescript/client/src/components/header/CartPreview/CartPreview.stories.tsx","statementMap":{"0":{"start":{"line":6,"column":0},"end":{"line":10,"column":5}},"1":{"start":{"line":9,"column":4},"end":{"line":9,"column":67}}},"fnMap":{"0":{"name":"(anonymous_0)","decl":{"start":{"line":8,"column":18},"end":{"line":8,"column":19}},"loc":{"start":{"line":9,"column":4},"end":{"line":9,"column":67}},"line":9},"1":{"name":"(anonymous_1)","decl":{"start":{"line":9,"column":55},"end":{"line":9,"column":56}},"loc":{"start":{"line":9,"column":61},"end":{"line":9,"column":63}},"line":9}},"branchMap":{},"s":{"0":0,"1":0},"f":{"0":0,"1":0},"b":{},"hash":"629ce1a5b4af9b4d6bfc306516125f9088f33f39"}
,"/c/Users/Kabir/Projects/ecommerce-react-typescript/client/src/components/header/CartPreview/CartPreview.tsx": {"path":"/c/Users/Kabir/Projects/ecommerce-react-typescript/client/src/components/header/CartPreview/CartPreview.tsx","statementMap":{"0":{"start":{"line":12,"column":55},"end":{"line":32,"column":1}},"1":{"start":{"line":16,"column":2},"end":{"line":31,"column":4}},"2":{"start":{"line":21,"column":12},"end":{"line":21,"column":57}}},"fnMap":{"0":{"name":"(anonymous_0)","decl":{"start":{"line":12,"column":55},"end":{"line":12,"column":56}},"loc":{"start":{"line":15,"column":19},"end":{"line":32,"column":1}},"line":15},"1":{"name":"(anonymous_1)","decl":{"start":{"line":20,"column":24},"end":{"line":20,"column":25}},"loc":{"start":{"line":21,"column":12},"end":{"line":21,"column":57}},"line":21}},"branchMap":{"0":{"loc":{"start":{"line":19,"column":9},"end":{"line":25,"column":9}},"type":"cond-expr","locations":[{"start":{"line":20,"column":10},"end":{"line":22,"column":12}},{"start":{"line":24,"column":10},"end":{"line":24,"column":72}}],"line":19}},"s":{"0":3,"1":4,"2":9},"f":{"0":4,"1":9},"b":{"0":[3,1]},"_coverageSchema":"43e27e138ebf9cfc5966b082cf9a028302ed4184","hash":"2c1e4ce45e6ac7052cba3dcbf1bf862de9895446"}
,"/c/Users/Kabir/Projects/ecommerce-react-typescript/client/src/components/header/CartPreviewContainer/CartPreviewContainer.tsx": {"path":"/c/Users/Kabir/Projects/ecommerce-react-typescript/client/src/components/header/CartPreviewContainer/CartPreviewContainer.tsx","statementMap":{"0":{"start":{"line":17,"column":66},"end":{"line":32,"column":1}},"1":{"start":{"line":22,"column":32},"end":{"line":25,"column":3}},"2":{"start":{"line":23,"column":4},"end":{"line":23,"column":30}},"3":{"start":{"line":24,"column":4},"end":{"line":24,"column":33}},"4":{"start":{"line":26,"column":2},"end":{"line":31,"column":4}},"5":{"start":{"line":34,"column":24},"end":{"line":36,"column":2}}},"fnMap":{"0":{"name":"(anonymous_0)","decl":{"start":{"line":17,"column":66},"end":{"line":17,"column":67}},"loc":{"start":{"line":21,"column":19},"end":{"line":32,"column":1}},"line":21},"1":{"name":"(anonymous_1)","decl":{"start":{"line":22,"column":32},"end":{"line":22,"column":33}},"loc":{"start":{"line":22,"column":38},"end":{"line":25,"column":3}},"line":22}},"branchMap":{},"s":{"0":2,"1":0,"2":0,"3":0,"4":0,"5":2},"f":{"0":0,"1":0},"b":{},"_coverageSchema":"43e27e138ebf9cfc5966b082cf9a028302ed4184","hash":"6d9420e4548d251cc390605314a95f20ca60ca5d"}
,"/c/Users/Kabir/Projects/ecommerce-react-typescript/client/src/components/header/CartPreviewContainer/index.ts": {"path":"/c/Users/Kabir/Projects/ecommerce-react-typescript/client/src/components/header/CartPreviewContainer/index.ts","statementMap":{},"fnMap":{},"branchMap":{},"s":{},"f":{},"b":{},"_coverageSchema":"43e27e138ebf9cfc5966b082cf9a028302ed4184","hash":"500a4119d2d7029a51687e285778d066515cf5e8"}
,"/c/Users/Kabir/Projects/ecommerce-react-typescript/client/src/components/header/Header/Header.tsx": {"path":"/c/Users/Kabir/Projects/ecommerce-react-typescript/client/src/components/header/Header/Header.tsx","statementMap":{"0":{"start":{"line":16,"column":38},"end":{"line":47,"column":1}},"1":{"start":{"line":21,"column":2},"end":{"line":46,"column":4}}},"fnMap":{"0":{"name":"(anonymous_0)","decl":{"start":{"line":16,"column":38},"end":{"line":16,"column":39}},"loc":{"start":{"line":20,"column":19},"end":{"line":47,"column":1}},"line":20}},"branchMap":{"0":{"loc":{"start":{"line":33,"column":9},"end":{"line":41,"column":9}},"type":"cond-expr","locations":[{"start":{"line":34,"column":10},"end":{"line":36,"column":16}},{"start":{"line":38,"column":10},"end":{"line":40,"column":17}}],"line":33},"1":{"loc":{"start":{"line":44,"column":7},"end":{"line":44,"column":48}},"type":"cond-expr","locations":[{"start":{"line":44,"column":17},"end":{"line":44,"column":41}},{"start":{"line":44,"column":44},"end":{"line":44,"column":48}}],"line":44}},"s":{"0":1,"1":8},"f":{"0":8},"b":{"0":[6,2],"1":[1,7]},"_coverageSchema":"43e27e138ebf9cfc5966b082cf9a028302ed4184","hash":"adf7bce4ee261de66446a1a54a3ca2930f31e465"}
,"/c/Users/Kabir/Projects/ecommerce-react-typescript/client/src/components/header/HeaderContainer/HeaderContainer.tsx": {"path":"/c/Users/Kabir/Projects/ecommerce-react-typescript/client/src/components/header/HeaderContainer/HeaderContainer.tsx","statementMap":{"0":{"start":{"line":16,"column":56},"end":{"line":52,"column":1}},"1":{"start":{"line":21,"column":2},"end":{"line":51,"column":4}},"2":{"start":{"line":54,"column":24},"end":{"line":57,"column":2}},"3":{"start":{"line":59,"column":27},"end":{"line":61,"column":2}},"4":{"start":{"line":59,"column":52},"end":{"line":61,"column":1}},"5":{"start":{"line":60,"column":22},"end":{"line":60,"column":46}}},"fnMap":{"0":{"name":"(anonymous_0)","decl":{"start":{"line":16,"column":56},"end":{"line":16,"column":57}},"loc":{"start":{"line":20,"column":19},"end":{"line":52,"column":1}},"line":20},"1":{"name":"(anonymous_1)","decl":{"start":{"line":59,"column":27},"end":{"line":59,"column":28}},"loc":{"start":{"line":59,"column":52},"end":{"line":61,"column":1}},"line":59},"2":{"name":"(anonymous_2)","decl":{"start":{"line":60,"column":16},"end":{"line":60,"column":17}},"loc":{"start":{"line":60,"column":22},"end":{"line":60,"column":46}},"line":60}},"branchMap":{},"s":{"0":0,"1":0,"2":0,"3":0,"4":0,"5":0},"f":{"0":0,"1":0,"2":0},"b":{},"hash":"d4b46f1e113648830add9a7bfcf11440520db714"}
,"/c/Users/Kabir/Projects/ecommerce-react-typescript/client/src/components/header/HeaderContainer/index.ts": {"path":"/c/Users/Kabir/Projects/ecommerce-react-typescript/client/src/components/header/HeaderContainer/index.ts","statementMap":{},"fnMap":{},"branchMap":{},"s":{},"f":{},"b":{},"hash":"bd93f20934dde14af274c5babead06b9f75ad889"}
}
