TN:
SF:/c/Users/Kabir/Projects/ecommerce-react-typescript/client/src/index.tsx
FNF:0
FNH:0
DA:10,0
DA:22,0
LF:2
LH:0
BRF:0
BRH:0
end_of_record
TN:
SF:/c/Users/Kabir/Projects/ecommerce-react-typescript/client/src/app/App.tsx
FN:18,(anonymous_0)
FN:19,(anonymous_1)
FN:20,(anonymous_2)
FN:21,(anonymous_3)
FN:30,(anonymous_4)
FN:31,(anonymous_5)
FN:47,(anonymous_6)
FN:62,(anonymous_7)
FN:63,(anonymous_8)
FNF:9
FNH:0
FNDA:0,(anonymous_0)
FNDA:0,(anonymous_1)
FNDA:0,(anonymous_2)
FNDA:0,(anonymous_3)
FNDA:0,(anonymous_4)
FNDA:0,(anonymous_5)
FNDA:0,(anonymous_6)
FNDA:0,(anonymous_7)
FNDA:0,(anonymous_8)
DA:18,0
DA:19,0
DA:20,0
DA:21,0
DA:30,0
DA:31,0
DA:32,0
DA:35,0
DA:48,0
DA:58,0
DA:62,0
DA:63,0
LF:12
LH:0
BRDA:48,0,0,0
BRDA:48,0,1,0
BRF:2
BRH:0
end_of_record
TN:
SF:/c/Users/Kabir/Projects/ecommerce-react-typescript/client/src/components/header/CartIcon/CartIcon.tsx
FN:9,(anonymous_0)
FNF:1
FNH:1
FNDA:3,(anonymous_0)
DA:9,1
DA:13,3
LF:2
LH:2
BRF:0
BRH:0
end_of_record
TN:
SF:/c/Users/Kabir/Projects/ecommerce-react-typescript/client/src/components/header/CartIconContainer/CartIconContainer.tsx
FN:13,(anonymous_0)
FN:20,(anonymous_1)
FN:21,(anonymous_2)
FNF:3
FNH:0
FNDA:0,(anonymous_0)
FNDA:0,(anonymous_1)
FNDA:0,(anonymous_2)
DA:13,2
DA:17,0
DA:20,2
DA:21,0
DA:24,2
LF:5
LH:3
BRF:0
BRH:0
end_of_record
TN:
SF:/c/Users/Kabir/Projects/ecommerce-react-typescript/client/src/components/header/CartIconContainer/index.ts
FNF:0
FNH:0
LF:0
LH:0
BRF:0
BRH:0
end_of_record
TN:
SF:/c/Users/Kabir/Projects/ecommerce-react-typescript/client/src/components/header/CartPreview/CartPreview.stories.tsx
FN:8,(anonymous_0)
FN:9,(anonymous_1)
FNF:2
FNH:0
FNDA:0,(anonymous_0)
FNDA:0,(anonymous_1)
DA:6,0
DA:9,0
LF:2
LH:0
BRF:0
BRH:0
end_of_record
TN:
SF:/c/Users/Kabir/Projects/ecommerce-react-typescript/client/src/components/header/CartPreview/CartPreview.tsx
FN:12,(anonymous_0)
FN:20,(anonymous_1)
FNF:2
FNH:2
FNDA:4,(anonymous_0)
FNDA:9,(anonymous_1)
DA:12,3
DA:16,4
DA:21,9
LF:3
LH:3
BRDA:19,0,0,3
BRDA:19,0,1,1
BRF:2
BRH:2
end_of_record
TN:
SF:/c/Users/Kabir/Projects/ecommerce-react-typescript/client/src/components/header/CartPreviewContainer/CartPreviewContainer.tsx
FN:17,(anonymous_0)
FN:22,(anonymous_1)
FNF:2
FNH:0
FNDA:0,(anonymous_0)
FNDA:0,(anonymous_1)
DA:17,2
DA:22,0
DA:23,0
DA:24,0
DA:26,0
DA:34,2
LF:6
LH:2
BRF:0
BRH:0
end_of_record
TN:
SF:/c/Users/Kabir/Projects/ecommerce-react-typescript/client/src/components/header/CartPreviewContainer/index.ts
FNF:0
FNH:0
LF:0
LH:0
BRF:0
BRH:0
end_of_record
TN:
SF:/c/Users/Kabir/Projects/ecommerce-react-typescript/client/src/components/header/Header/Header.tsx
FN:16,(anonymous_0)
FNF:1
FNH:1
FNDA:8,(anonymous_0)
DA:16,1
DA:21,8
LF:2
LH:2
BRDA:33,0,0,6
BRDA:33,0,1,2
BRDA:44,1,0,1
BRDA:44,1,1,7
BRF:4
BRH:4
end_of_record
TN:
SF:/c/Users/Kabir/Projects/ecommerce-react-typescript/client/src/components/header/HeaderContainer/HeaderContainer.tsx
FN:16,(anonymous_0)
FN:59,(anonymous_1)
FN:60,(anonymous_2)
FNF:3
FNH:0
FNDA:0,(anonymous_0)
FNDA:0,(anonymous_1)
FNDA:0,(anonymous_2)
DA:16,0
DA:21,0
DA:54,0
DA:59,0
DA:60,0
LF:5
LH:0
BRF:0
BRH:0
end_of_record
TN:
SF:/c/Users/Kabir/Projects/ecommerce-react-typescript/client/src/components/header/HeaderContainer/index.ts
FNF:0
FNH:0
LF:0
LH:0
BRF:0
BRH:0
end_of_record
